[14-Jun-2017 06:23:22 UTC] PHP Warning:  date(): It is not safe to rely on the system's timezone settings. You are *required* to use the date.timezone setting or the date_default_timezone_set() function. In case you used any of those methods and you are still getting this warning, you most likely misspelled the timezone identifier. We selected the timezone 'UTC' for now, but please set date.timezone to select your timezone. in /var/www/html/orangehrm/symfony/apps/orangehrm/templates/_copyright.php on line 4
[14-Jun-2017 06:23:25 UTC] PHP Warning:  date(): It is not safe to rely on the system's timezone settings. You are *required* to use the date.timezone setting or the date_default_timezone_set() function. In case you used any of those methods and you are still getting this warning, you most likely misspelled the timezone identifier. We selected the timezone 'UTC' for now, but please set date.timezone to select your timezone. in /var/www/html/orangehrm/symfony/apps/orangehrm/templates/_copyright.php on line 4
[14-Jun-2017 06:23:26 UTC] PHP Warning:  date(): It is not safe to rely on the system's timezone settings. You are *required* to use the date.timezone setting or the date_default_timezone_set() function. In case you used any of those methods and you are still getting this warning, you most likely misspelled the timezone identifier. We selected the timezone 'UTC' for now, but please set date.timezone to select your timezone. in /var/www/html/orangehrm/symfony/apps/orangehrm/templates/_copyright.php on line 4
[14-Jun-2017 06:23:51 UTC] PHP Warning:  date(): It is not safe to rely on the system's timezone settings. You are *required* to use the date.timezone setting or the date_default_timezone_set() function. In case you used any of those methods and you are still getting this warning, you most likely misspelled the timezone identifier. We selected the timezone 'UTC' for now, but please set date.timezone to select your timezone. in /var/www/html/orangehrm/symfony/apps/orangehrm/templates/_copyright.php on line 4
[14-Jun-2017 06:23:54 UTC] PHP Warning:  date(): It is not safe to rely on the system's timezone settings. You are *required* to use the date.timezone setting or the date_default_timezone_set() function. In case you used any of those methods and you are still getting this warning, you most likely misspelled the timezone identifier. We selected the timezone 'UTC' for now, but please set date.timezone to select your timezone. in /var/www/html/orangehrm/symfony/apps/orangehrm/templates/_copyright.php on line 4
[14-Jun-2017 06:24:11 UTC] PHP Warning:  date(): It is not safe to rely on the system's timezone settings. You are *required* to use the date.timezone setting or the date_default_timezone_set() function. In case you used any of those methods and you are still getting this warning, you most likely misspelled the timezone identifier. We selected the timezone 'UTC' for now, but please set date.timezone to select your timezone. in /var/www/html/orangehrm/symfony/apps/orangehrm/templates/_copyright.php on line 4
[14-Jun-2017 06:41:58 UTC] PHP Warning:  date(): It is not safe to rely on the system's timezone settings. You are *required* to use the date.timezone setting or the date_default_timezone_set() function. In case you used any of those methods and you are still getting this warning, you most likely misspelled the timezone identifier. We selected the timezone 'UTC' for now, but please set date.timezone to select your timezone. in /var/www/html/orangehrm/symfony/apps/orangehrm/templates/_copyright.php on line 4
[14-Jun-2017 06:42:01 UTC] PHP Warning:  date(): It is not safe to rely on the system's timezone settings. You are *required* to use the date.timezone setting or the date_default_timezone_set() function. In case you used any of those methods and you are still getting this warning, you most likely misspelled the timezone identifier. We selected the timezone 'UTC' for now, but please set date.timezone to select your timezone. in /var/www/html/orangehrm/symfony/apps/orangehrm/templates/_copyright.php on line 4
[14-Jun-2017 06:42:02 UTC] PHP Warning:  date(): It is not safe to rely on the system's timezone settings. You are *required* to use the date.timezone setting or the date_default_timezone_set() function. In case you used any of those methods and you are still getting this warning, you most likely misspelled the timezone identifier. We selected the timezone 'UTC' for now, but please set date.timezone to select your timezone. in /var/www/html/orangehrm/symfony/apps/orangehrm/templates/_copyright.php on line 4
[14-Jun-2017 06:42:31 UTC] PHP Warning:  date(): It is not safe to rely on the system's timezone settings. You are *required* to use the date.timezone setting or the date_default_timezone_set() function. In case you used any of those methods and you are still getting this warning, you most likely misspelled the timezone identifier. We selected the timezone 'UTC' for now, but please set date.timezone to select your timezone. in /var/www/html/orangehrm/symfony/apps/orangehrm/templates/_copyright.php on line 4
[14-Jun-2017 06:42:33 UTC] PHP Warning:  date(): It is not safe to rely on the system's timezone settings. You are *required* to use the date.timezone setting or the date_default_timezone_set() function. In case you used any of those methods and you are still getting this warning, you most likely misspelled the timezone identifier. We selected the timezone 'UTC' for now, but please set date.timezone to select your timezone. in /var/www/html/orangehrm/symfony/apps/orangehrm/templates/_copyright.php on line 4
[14-Jun-2017 07:35:15 UTC] PHP Warning:  date(): It is not safe to rely on the system's timezone settings. You are *required* to use the date.timezone setting or the date_default_timezone_set() function. In case you used any of those methods and you are still getting this warning, you most likely misspelled the timezone identifier. We selected the timezone 'UTC' for now, but please set date.timezone to select your timezone. in /var/www/html/orangehrm/symfony/apps/orangehrm/templates/_copyright.php on line 4
[14-Jun-2017 07:35:16 UTC] PHP Warning:  date(): It is not safe to rely on the system's timezone settings. You are *required* to use the date.timezone setting or the date_default_timezone_set() function. In case you used any of those methods and you are still getting this warning, you most likely misspelled the timezone identifier. We selected the timezone 'UTC' for now, but please set date.timezone to select your timezone. in /var/www/html/orangehrm/symfony/apps/orangehrm/templates/_copyright.php on line 4
[14-Jun-2017 07:35:17 UTC] PHP Warning:  date(): It is not safe to rely on the system's timezone settings. You are *required* to use the date.timezone setting or the date_default_timezone_set() function. In case you used any of those methods and you are still getting this warning, you most likely misspelled the timezone identifier. We selected the timezone 'UTC' for now, but please set date.timezone to select your timezone. in /var/www/html/orangehrm/symfony/apps/orangehrm/templates/_copyright.php on line 4
[14-Jun-2017 07:37:29 UTC] PHP Warning:  date(): It is not safe to rely on the system's timezone settings. You are *required* to use the date.timezone setting or the date_default_timezone_set() function. In case you used any of those methods and you are still getting this warning, you most likely misspelled the timezone identifier. We selected the timezone 'UTC' for now, but please set date.timezone to select your timezone. in /var/www/html/orangehrm/symfony/apps/orangehrm/templates/_copyright.php on line 4
[14-Jun-2017 07:37:30 UTC] PHP Warning:  date(): It is not safe to rely on the system's timezone settings. You are *required* to use the date.timezone setting or the date_default_timezone_set() function. In case you used any of those methods and you are still getting this warning, you most likely misspelled the timezone identifier. We selected the timezone 'UTC' for now, but please set date.timezone to select your timezone. in /var/www/html/orangehrm/symfony/apps/orangehrm/templates/_copyright.php on line 4
[14-Jun-2017 07:37:32 UTC] PHP Warning:  date(): It is not safe to rely on the system's timezone settings. You are *required* to use the date.timezone setting or the date_default_timezone_set() function. In case you used any of those methods and you are still getting this warning, you most likely misspelled the timezone identifier. We selected the timezone 'UTC' for now, but please set date.timezone to select your timezone. in /var/www/html/orangehrm/symfony/apps/orangehrm/templates/_copyright.php on line 4
[14-Jun-2017 07:38:40 UTC] PHP Warning:  date(): It is not safe to rely on the system's timezone settings. You are *required* to use the date.timezone setting or the date_default_timezone_set() function. In case you used any of those methods and you are still getting this warning, you most likely misspelled the timezone identifier. We selected the timezone 'UTC' for now, but please set date.timezone to select your timezone. in /var/www/html/orangehrm/symfony/apps/orangehrm/templates/_copyright.php on line 4
[14-Jun-2017 07:38:43 UTC] PHP Warning:  date(): It is not safe to rely on the system's timezone settings. You are *required* to use the date.timezone setting or the date_default_timezone_set() function. In case you used any of those methods and you are still getting this warning, you most likely misspelled the timezone identifier. We selected the timezone 'UTC' for now, but please set date.timezone to select your timezone. in /var/www/html/orangehrm/symfony/apps/orangehrm/templates/_copyright.php on line 4
[14-Jun-2017 07:38:46 UTC] PHP Warning:  date(): It is not safe to rely on the system's timezone settings. You are *required* to use the date.timezone setting or the date_default_timezone_set() function. In case you used any of those methods and you are still getting this warning, you most likely misspelled the timezone identifier. We selected the timezone 'UTC' for now, but please set date.timezone to select your timezone. in /var/www/html/orangehrm/symfony/apps/orangehrm/templates/_copyright.php on line 4
[14-Jun-2017 07:38:49 UTC] PHP Warning:  date(): It is not safe to rely on the system's timezone settings. You are *required* to use the date.timezone setting or the date_default_timezone_set() function. In case you used any of those methods and you are still getting this warning, you most likely misspelled the timezone identifier. We selected the timezone 'UTC' for now, but please set date.timezone to select your timezone. in /var/www/html/orangehrm/symfony/apps/orangehrm/templates/_copyright.php on line 4
[14-Jun-2017 07:41:24 UTC] PHP Warning:  date(): It is not safe to rely on the system's timezone settings. You are *required* to use the date.timezone setting or the date_default_timezone_set() function. In case you used any of those methods and you are still getting this warning, you most likely misspelled the timezone identifier. We selected the timezone 'UTC' for now, but please set date.timezone to select your timezone. in /var/www/html/orangehrm/symfony/apps/orangehrm/templates/_copyright.php on line 4
[14-Jun-2017 07:41:33 UTC] PHP Warning:  date(): It is not safe to rely on the system's timezone settings. You are *required* to use the date.timezone setting or the date_default_timezone_set() function. In case you used any of those methods and you are still getting this warning, you most likely misspelled the timezone identifier. We selected the timezone 'UTC' for now, but please set date.timezone to select your timezone. in /var/www/html/orangehrm/symfony/apps/orangehrm/templates/_copyright.php on line 4
[14-Jun-2017 07:41:56 UTC] PHP Warning:  date(): It is not safe to rely on the system's timezone settings. You are *required* to use the date.timezone setting or the date_default_timezone_set() function. In case you used any of those methods and you are still getting this warning, you most likely misspelled the timezone identifier. We selected the timezone 'UTC' for now, but please set date.timezone to select your timezone. in /var/www/html/orangehrm/symfony/apps/orangehrm/templates/_copyright.php on line 4
[14-Jun-2017 07:42:39 UTC] PHP Warning:  date(): It is not safe to rely on the system's timezone settings. You are *required* to use the date.timezone setting or the date_default_timezone_set() function. In case you used any of those methods and you are still getting this warning, you most likely misspelled the timezone identifier. We selected the timezone 'UTC' for now, but please set date.timezone to select your timezone. in /var/www/html/orangehrm/symfony/apps/orangehrm/templates/_copyright.php on line 4
[14-Jun-2017 07:42:45 UTC] PHP Warning:  date(): It is not safe to rely on the system's timezone settings. You are *required* to use the date.timezone setting or the date_default_timezone_set() function. In case you used any of those methods and you are still getting this warning, you most likely misspelled the timezone identifier. We selected the timezone 'UTC' for now, but please set date.timezone to select your timezone. in /var/www/html/orangehrm/symfony/apps/orangehrm/templates/_copyright.php on line 4
[14-Jun-2017 07:42:47 UTC] PHP Warning:  date(): It is not safe to rely on the system's timezone settings. You are *required* to use the date.timezone setting or the date_default_timezone_set() function. In case you used any of those methods and you are still getting this warning, you most likely misspelled the timezone identifier. We selected the timezone 'UTC' for now, but please set date.timezone to select your timezone. in /var/www/html/orangehrm/symfony/apps/orangehrm/templates/_copyright.php on line 4
[14-Jun-2017 07:42:50 UTC] PHP Warning:  date(): It is not safe to rely on the system's timezone settings. You are *required* to use the date.timezone setting or the date_default_timezone_set() function. In case you used any of those methods and you are still getting this warning, you most likely misspelled the timezone identifier. We selected the timezone 'UTC' for now, but please set date.timezone to select your timezone. in /var/www/html/orangehrm/symfony/apps/orangehrm/templates/_copyright.php on line 4
[14-Jun-2017 07:42:55 UTC] PHP Warning:  date(): It is not safe to rely on the system's timezone settings. You are *required* to use the date.timezone setting or the date_default_timezone_set() function. In case you used any of those methods and you are still getting this warning, you most likely misspelled the timezone identifier. We selected the timezone 'UTC' for now, but please set date.timezone to select your timezone. in /var/www/html/orangehrm/symfony/apps/orangehrm/templates/_copyright.php on line 4
[14-Jun-2017 07:42:58 UTC] PHP Warning:  date(): It is not safe to rely on the system's timezone settings. You are *required* to use the date.timezone setting or the date_default_timezone_set() function. In case you used any of those methods and you are still getting this warning, you most likely misspelled the timezone identifier. We selected the timezone 'UTC' for now, but please set date.timezone to select your timezone. in /var/www/html/orangehrm/symfony/apps/orangehrm/templates/_copyright.php on line 4
[14-Jun-2017 07:43:22 UTC] PHP Warning:  date(): It is not safe to rely on the system's timezone settings. You are *required* to use the date.timezone setting or the date_default_timezone_set() function. In case you used any of those methods and you are still getting this warning, you most likely misspelled the timezone identifier. We selected the timezone 'UTC' for now, but please set date.timezone to select your timezone. in /var/www/html/orangehrm/symfony/apps/orangehrm/templates/_copyright.php on line 4
[16-Jun-2017 04:11:01 UTC] PHP Fatal error:  Uncaught Error: Call to undefined function mysql_connect() in /var/www/html/orangehrm/install.php:210
Stack trace:
#0 {main}
  thrown in /var/www/html/orangehrm/install.php on line 210
[16-Jun-2017 04:11:14 UTC] PHP Fatal error:  Uncaught Error: Call to undefined function mysql_connect() in /var/www/html/orangehrm/install.php:210
Stack trace:
#0 {main}
  thrown in /var/www/html/orangehrm/install.php on line 210
[16-Jun-2017 04:11:17 UTC] PHP Fatal error:  Uncaught Error: Call to undefined function mysql_connect() in /var/www/html/orangehrm/install.php:210
Stack trace:
#0 {main}
  thrown in /var/www/html/orangehrm/install.php on line 210
[16-Jun-2017 04:11:18 UTC] PHP Fatal error:  Uncaught Error: Call to undefined function mysql_connect() in /var/www/html/orangehrm/install.php:210
Stack trace:
#0 {main}
  thrown in /var/www/html/orangehrm/install.php on line 210
[16-Jun-2017 04:11:27 UTC] PHP Fatal error:  Uncaught Error: Call to undefined function mysql_connect() in /var/www/html/orangehrm/install.php:210
Stack trace:
#0 {main}
  thrown in /var/www/html/orangehrm/install.php on line 210
[16-Jun-2017 04:11:52 UTC] PHP Fatal error:  Uncaught Error: Call to undefined function mysql_connect() in /var/www/html/orangehrm/install.php:210
Stack trace:
#0 {main}
  thrown in /var/www/html/orangehrm/install.php on line 210
[16-Jun-2017 04:24:30 UTC] PHP Fatal error:  Uncaught Error: Call to undefined function mysql_connect() in /var/www/html/orangehrm/install.php:210
Stack trace:
#0 {main}
  thrown in /var/www/html/orangehrm/install.php on line 210
[16-Jun-2017 04:24:34 UTC] PHP Fatal error:  Uncaught Error: Call to undefined function mysql_connect() in /var/www/html/orangehrm/install.php:210
Stack trace:
#0 {main}
  thrown in /var/www/html/orangehrm/install.php on line 210
[16-Jun-2017 04:25:48 UTC] PHP Fatal error:  Uncaught Error: Call to undefined function mysql_connect() in /var/www/html/orangehrm/install.php:210
Stack trace:
#0 {main}
  thrown in /var/www/html/orangehrm/install.php on line 210
[16-Jun-2017 04:29:11 UTC] PHP Fatal error:  Uncaught Error: Call to undefined function mysql_connect() in /var/www/html/orangehrm/install.php:210
Stack trace:
#0 {main}
  thrown in /var/www/html/orangehrm/install.php on line 210
[16-Jun-2017 04:29:13 UTC] PHP Fatal error:  Uncaught Error: Call to undefined function mysql_connect() in /var/www/html/orangehrm/install.php:210
Stack trace:
#0 {main}
  thrown in /var/www/html/orangehrm/install.php on line 210
[16-Jun-2017 04:29:15 UTC] PHP Fatal error:  Uncaught Error: Call to undefined function mysql_connect() in /var/www/html/orangehrm/install.php:210
Stack trace:
#0 {main}
  thrown in /var/www/html/orangehrm/install.php on line 210
[16-Jun-2017 04:29:16 UTC] PHP Fatal error:  Uncaught Error: Call to undefined function mysql_connect() in /var/www/html/orangehrm/install.php:210
Stack trace:
#0 {main}
  thrown in /var/www/html/orangehrm/install.php on line 210
[16-Jun-2017 04:29:17 UTC] PHP Fatal error:  Uncaught Error: Call to undefined function mysql_connect() in /var/www/html/orangehrm/install.php:210
Stack trace:
#0 {main}
  thrown in /var/www/html/orangehrm/install.php on line 210
[16-Jun-2017 04:29:18 UTC] PHP Fatal error:  Uncaught Error: Call to undefined function mysql_connect() in /var/www/html/orangehrm/install.php:210
Stack trace:
#0 {main}
  thrown in /var/www/html/orangehrm/install.php on line 210
[16-Jun-2017 04:29:19 UTC] PHP Fatal error:  Uncaught Error: Call to undefined function mysql_connect() in /var/www/html/orangehrm/install.php:210
Stack trace:
#0 {main}
  thrown in /var/www/html/orangehrm/install.php on line 210
[16-Jun-2017 04:29:29 UTC] PHP Fatal error:  Uncaught Error: Call to undefined function mysql_connect() in /var/www/html/orangehrm/install.php:210
Stack trace:
#0 {main}
  thrown in /var/www/html/orangehrm/install.php on line 210
[16-Jun-2017 04:29:31 UTC] PHP Fatal error:  Uncaught Error: Call to undefined function mysql_connect() in /var/www/html/orangehrm/install.php:210
Stack trace:
#0 {main}
  thrown in /var/www/html/orangehrm/install.php on line 210
[16-Jun-2017 04:29:33 UTC] PHP Fatal error:  Uncaught Error: Call to undefined function mysql_connect() in /var/www/html/orangehrm/install.php:210
Stack trace:
#0 {main}
  thrown in /var/www/html/orangehrm/install.php on line 210
[16-Jun-2017 04:29:46 UTC] PHP Fatal error:  Uncaught Error: Call to undefined function mysql_connect() in /var/www/html/orangehrm/install.php:210
Stack trace:
#0 {main}
  thrown in /var/www/html/orangehrm/install.php on line 210
[16-Jun-2017 04:31:00 UTC] PHP Fatal error:  Uncaught Error: Call to undefined function mysql_connect() in /var/www/html/orangehrm/install.php:210
Stack trace:
#0 {main}
  thrown in /var/www/html/orangehrm/install.php on line 210
[16-Jun-2017 04:31:03 UTC] PHP Fatal error:  Uncaught Error: Call to undefined function mysql_connect() in /var/www/html/orangehrm/install.php:210
Stack trace:
#0 {main}
  thrown in /var/www/html/orangehrm/install.php on line 210
[16-Jun-2017 04:31:04 UTC] PHP Fatal error:  Uncaught Error: Call to undefined function mysql_connect() in /var/www/html/orangehrm/install.php:210
Stack trace:
#0 {main}
  thrown in /var/www/html/orangehrm/install.php on line 210
[16-Jun-2017 04:31:04 UTC] PHP Fatal error:  Uncaught Error: Call to undefined function mysql_connect() in /var/www/html/orangehrm/install.php:210
Stack trace:
#0 {main}
  thrown in /var/www/html/orangehrm/install.php on line 210
[16-Jun-2017 04:31:05 UTC] PHP Fatal error:  Uncaught Error: Call to undefined function mysql_connect() in /var/www/html/orangehrm/install.php:210
Stack trace:
#0 {main}
  thrown in /var/www/html/orangehrm/install.php on line 210
[16-Jun-2017 04:31:05 UTC] PHP Fatal error:  Uncaught Error: Call to undefined function mysql_connect() in /var/www/html/orangehrm/install.php:210
Stack trace:
#0 {main}
  thrown in /var/www/html/orangehrm/install.php on line 210
[16-Jun-2017 04:31:06 UTC] PHP Fatal error:  Uncaught Error: Call to undefined function mysql_connect() in /var/www/html/orangehrm/install.php:210
Stack trace:
#0 {main}
  thrown in /var/www/html/orangehrm/install.php on line 210
[16-Jun-2017 05:54:30 UTC] PHP Fatal error:  Uncaught Error: Call to undefined function mysql_connect() in /var/www/html/orangehrm/install.php:210
Stack trace:
#0 {main}
  thrown in /var/www/html/orangehrm/install.php on line 210
[19-Jun-2017 10:05:33 UTC] PHP Fatal error:  Uncaught Error: Call to undefined function mysql_connect() in /var/www/html/orangehrm/install.php:210
Stack trace:
#0 {main}
  thrown in /var/www/html/orangehrm/install.php on line 210
[19-Jun-2017 10:05:48 UTC] PHP Fatal error:  Uncaught Error: Call to undefined function mysql_connect() in /var/www/html/orangehrm/install.php:210
Stack trace:
#0 {main}
  thrown in /var/www/html/orangehrm/install.php on line 210
[19-Jun-2017 10:12:44 UTC] PHP Fatal error:  Uncaught Error: Call to undefined function mysql_connect() in /var/www/html/orangehrm/install.php:210
Stack trace:
#0 {main}
  thrown in /var/www/html/orangehrm/install.php on line 210
[19-Jun-2017 10:12:52 UTC] PHP Fatal error:  Uncaught Error: Call to undefined function mysql_connect() in /var/www/html/orangehrm/install.php:210
Stack trace:
#0 {main}
  thrown in /var/www/html/orangehrm/install.php on line 210
[19-Jun-2017 10:13:07 UTC] PHP Fatal error:  Uncaught Error: Call to undefined function mysql_connect() in /var/www/html/orangehrm/install.php:210
Stack trace:
#0 {main}
  thrown in /var/www/html/orangehrm/install.php on line 210
[20-Jun-2017 01:02:38 UTC] PHP Fatal error:  Uncaught Error: Call to undefined function mysql_connect() in /var/www/html/orangehrm/install.php:210
Stack trace:
#0 {main}
  thrown in /var/www/html/orangehrm/install.php on line 210
[20-Jun-2017 01:02:42 UTC] PHP Fatal error:  Uncaught Error: Call to undefined function mysql_connect() in /var/www/html/orangehrm/install.php:210
Stack trace:
#0 {main}
  thrown in /var/www/html/orangehrm/install.php on line 210
[20-Jun-2017 01:07:44 UTC] PHP Fatal error:  Uncaught Error: Call to undefined function mysql_connect() in /var/www/html/orangehrm/install.php:210
Stack trace:
#0 {main}
  thrown in /var/www/html/orangehrm/install.php on line 210
[20-Jun-2017 05:31:58 Europe/Berlin] PHP Fatal error:  Uncaught Error: Call to undefined function mysql_connect() in D:\orangehrm\orangehrm\install.php:210
Stack trace:
#0 {main}
  thrown in D:\orangehrm\orangehrm\install.php on line 210
[21-Jun-2017 01:38:30 UTC] PHP Warning:  date(): It is not safe to rely on the system's timezone settings. You are *required* to use the date.timezone setting or the date_default_timezone_set() function. In case you used any of those methods and you are still getting this warning, you most likely misspelled the timezone identifier. We selected the timezone 'UTC' for now, but please set date.timezone to select your timezone. in /var/www/html/myhrm/symfony/apps/orangehrm/templates/_copyright.php on line 4
[21-Jun-2017 01:38:37 UTC] PHP Warning:  date(): It is not safe to rely on the system's timezone settings. You are *required* to use the date.timezone setting or the date_default_timezone_set() function. In case you used any of those methods and you are still getting this warning, you most likely misspelled the timezone identifier. We selected the timezone 'UTC' for now, but please set date.timezone to select your timezone. in /var/www/html/myhrm/symfony/apps/orangehrm/templates/_copyright.php on line 4
[21-Jun-2017 01:38:38 UTC] PHP Warning:  date(): It is not safe to rely on the system's timezone settings. You are *required* to use the date.timezone setting or the date_default_timezone_set() function. In case you used any of those methods and you are still getting this warning, you most likely misspelled the timezone identifier. We selected the timezone 'UTC' for now, but please set date.timezone to select your timezone. in /var/www/html/myhrm/symfony/apps/orangehrm/templates/_copyright.php on line 4
[21-Jun-2017 01:38:40 UTC] PHP Warning:  date(): It is not safe to rely on the system's timezone settings. You are *required* to use the date.timezone setting or the date_default_timezone_set() function. In case you used any of those methods and you are still getting this warning, you most likely misspelled the timezone identifier. We selected the timezone 'UTC' for now, but please set date.timezone to select your timezone. in /var/www/html/myhrm/symfony/apps/orangehrm/templates/_copyright.php on line 4
[21-Jun-2017 01:38:41 UTC] PHP Warning:  date(): It is not safe to rely on the system's timezone settings. You are *required* to use the date.timezone setting or the date_default_timezone_set() function. In case you used any of those methods and you are still getting this warning, you most likely misspelled the timezone identifier. We selected the timezone 'UTC' for now, but please set date.timezone to select your timezone. in /var/www/html/myhrm/symfony/apps/orangehrm/templates/_copyright.php on line 4
[21-Jun-2017 01:38:42 UTC] PHP Warning:  date(): It is not safe to rely on the system's timezone settings. You are *required* to use the date.timezone setting or the date_default_timezone_set() function. In case you used any of those methods and you are still getting this warning, you most likely misspelled the timezone identifier. We selected the timezone 'UTC' for now, but please set date.timezone to select your timezone. in /var/www/html/myhrm/symfony/apps/orangehrm/templates/_copyright.php on line 4
[21-Jun-2017 01:38:44 UTC] PHP Warning:  date(): It is not safe to rely on the system's timezone settings. You are *required* to use the date.timezone setting or the date_default_timezone_set() function. In case you used any of those methods and you are still getting this warning, you most likely misspelled the timezone identifier. We selected the timezone 'UTC' for now, but please set date.timezone to select your timezone. in /var/www/html/myhrm/symfony/apps/orangehrm/templates/_copyright.php on line 4
[21-Jun-2017 01:38:51 UTC] PHP Warning:  date(): It is not safe to rely on the system's timezone settings. You are *required* to use the date.timezone setting or the date_default_timezone_set() function. In case you used any of those methods and you are still getting this warning, you most likely misspelled the timezone identifier. We selected the timezone 'UTC' for now, but please set date.timezone to select your timezone. in /var/www/html/myhrm/symfony/apps/orangehrm/templates/_copyright.php on line 4
[21-Jun-2017 01:38:53 UTC] PHP Warning:  date(): It is not safe to rely on the system's timezone settings. You are *required* to use the date.timezone setting or the date_default_timezone_set() function. In case you used any of those methods and you are still getting this warning, you most likely misspelled the timezone identifier. We selected the timezone 'UTC' for now, but please set date.timezone to select your timezone. in /var/www/html/myhrm/symfony/apps/orangehrm/templates/_copyright.php on line 4
[21-Jun-2017 01:38:54 UTC] PHP Warning:  date(): It is not safe to rely on the system's timezone settings. You are *required* to use the date.timezone setting or the date_default_timezone_set() function. In case you used any of those methods and you are still getting this warning, you most likely misspelled the timezone identifier. We selected the timezone 'UTC' for now, but please set date.timezone to select your timezone. in /var/www/html/myhrm/symfony/apps/orangehrm/templates/_copyright.php on line 4
[21-Jun-2017 01:38:55 UTC] PHP Warning:  date(): It is not safe to rely on the system's timezone settings. You are *required* to use the date.timezone setting or the date_default_timezone_set() function. In case you used any of those methods and you are still getting this warning, you most likely misspelled the timezone identifier. We selected the timezone 'UTC' for now, but please set date.timezone to select your timezone. in /var/www/html/myhrm/symfony/apps/orangehrm/templates/_copyright.php on line 4
[21-Jun-2017 01:38:56 UTC] PHP Warning:  date(): It is not safe to rely on the system's timezone settings. You are *required* to use the date.timezone setting or the date_default_timezone_set() function. In case you used any of those methods and you are still getting this warning, you most likely misspelled the timezone identifier. We selected the timezone 'UTC' for now, but please set date.timezone to select your timezone. in /var/www/html/myhrm/symfony/apps/orangehrm/templates/_copyright.php on line 4
[21-Jun-2017 01:39:11 UTC] PHP Warning:  date(): It is not safe to rely on the system's timezone settings. You are *required* to use the date.timezone setting or the date_default_timezone_set() function. In case you used any of those methods and you are still getting this warning, you most likely misspelled the timezone identifier. We selected the timezone 'UTC' for now, but please set date.timezone to select your timezone. in /var/www/html/myhrm/symfony/apps/orangehrm/templates/_copyright.php on line 4
[21-Jun-2017 01:39:11 UTC] PHP Warning:  date(): It is not safe to rely on the system's timezone settings. You are *required* to use the date.timezone setting or the date_default_timezone_set() function. In case you used any of those methods and you are still getting this warning, you most likely misspelled the timezone identifier. We selected the timezone 'UTC' for now, but please set date.timezone to select your timezone. in /var/www/html/myhrm/symfony/apps/orangehrm/templates/_copyright.php on line 4
[21-Jun-2017 01:39:12 UTC] PHP Warning:  date(): It is not safe to rely on the system's timezone settings. You are *required* to use the date.timezone setting or the date_default_timezone_set() function. In case you used any of those methods and you are still getting this warning, you most likely misspelled the timezone identifier. We selected the timezone 'UTC' for now, but please set date.timezone to select your timezone. in /var/www/html/myhrm/symfony/apps/orangehrm/templates/_copyright.php on line 4
[21-Jun-2017 01:39:13 UTC] PHP Warning:  date(): It is not safe to rely on the system's timezone settings. You are *required* to use the date.timezone setting or the date_default_timezone_set() function. In case you used any of those methods and you are still getting this warning, you most likely misspelled the timezone identifier. We selected the timezone 'UTC' for now, but please set date.timezone to select your timezone. in /var/www/html/myhrm/symfony/apps/orangehrm/templates/_copyright.php on line 4
[21-Jun-2017 01:39:13 UTC] PHP Warning:  date(): It is not safe to rely on the system's timezone settings. You are *required* to use the date.timezone setting or the date_default_timezone_set() function. In case you used any of those methods and you are still getting this warning, you most likely misspelled the timezone identifier. We selected the timezone 'UTC' for now, but please set date.timezone to select your timezone. in /var/www/html/myhrm/symfony/apps/orangehrm/templates/_copyright.php on line 4
[21-Jun-2017 01:39:15 UTC] PHP Warning:  date(): It is not safe to rely on the system's timezone settings. You are *required* to use the date.timezone setting or the date_default_timezone_set() function. In case you used any of those methods and you are still getting this warning, you most likely misspelled the timezone identifier. We selected the timezone 'UTC' for now, but please set date.timezone to select your timezone. in /var/www/html/myhrm/symfony/apps/orangehrm/templates/_copyright.php on line 4
[21-Jun-2017 01:39:17 UTC] PHP Warning:  date(): It is not safe to rely on the system's timezone settings. You are *required* to use the date.timezone setting or the date_default_timezone_set() function. In case you used any of those methods and you are still getting this warning, you most likely misspelled the timezone identifier. We selected the timezone 'UTC' for now, but please set date.timezone to select your timezone. in /var/www/html/myhrm/symfony/apps/orangehrm/templates/_copyright.php on line 4
[21-Jun-2017 01:39:24 UTC] PHP Warning:  date(): It is not safe to rely on the system's timezone settings. You are *required* to use the date.timezone setting or the date_default_timezone_set() function. In case you used any of those methods and you are still getting this warning, you most likely misspelled the timezone identifier. We selected the timezone 'UTC' for now, but please set date.timezone to select your timezone. in /var/www/html/myhrm/symfony/apps/orangehrm/templates/_copyright.php on line 4
[21-Jun-2017 01:39:26 UTC] PHP Warning:  date(): It is not safe to rely on the system's timezone settings. You are *required* to use the date.timezone setting or the date_default_timezone_set() function. In case you used any of those methods and you are still getting this warning, you most likely misspelled the timezone identifier. We selected the timezone 'UTC' for now, but please set date.timezone to select your timezone. in /var/www/html/myhrm/symfony/apps/orangehrm/templates/_copyright.php on line 4
[21-Jun-2017 01:39:26 UTC] PHP Warning:  date(): It is not safe to rely on the system's timezone settings. You are *required* to use the date.timezone setting or the date_default_timezone_set() function. In case you used any of those methods and you are still getting this warning, you most likely misspelled the timezone identifier. We selected the timezone 'UTC' for now, but please set date.timezone to select your timezone. in /var/www/html/myhrm/symfony/apps/orangehrm/templates/_copyright.php on line 4
[21-Jun-2017 01:39:27 UTC] PHP Warning:  date(): It is not safe to rely on the system's timezone settings. You are *required* to use the date.timezone setting or the date_default_timezone_set() function. In case you used any of those methods and you are still getting this warning, you most likely misspelled the timezone identifier. We selected the timezone 'UTC' for now, but please set date.timezone to select your timezone. in /var/www/html/myhrm/symfony/apps/orangehrm/templates/_copyright.php on line 4
[21-Jun-2017 01:39:28 UTC] PHP Warning:  date(): It is not safe to rely on the system's timezone settings. You are *required* to use the date.timezone setting or the date_default_timezone_set() function. In case you used any of those methods and you are still getting this warning, you most likely misspelled the timezone identifier. We selected the timezone 'UTC' for now, but please set date.timezone to select your timezone. in /var/www/html/myhrm/symfony/apps/orangehrm/templates/_copyright.php on line 4
[21-Jun-2017 01:39:29 UTC] PHP Warning:  date(): It is not safe to rely on the system's timezone settings. You are *required* to use the date.timezone setting or the date_default_timezone_set() function. In case you used any of those methods and you are still getting this warning, you most likely misspelled the timezone identifier. We selected the timezone 'UTC' for now, but please set date.timezone to select your timezone. in /var/www/html/myhrm/symfony/apps/orangehrm/templates/_copyright.php on line 4
[21-Jun-2017 01:39:30 UTC] PHP Warning:  date(): It is not safe to rely on the system's timezone settings. You are *required* to use the date.timezone setting or the date_default_timezone_set() function. In case you used any of those methods and you are still getting this warning, you most likely misspelled the timezone identifier. We selected the timezone 'UTC' for now, but please set date.timezone to select your timezone. in /var/www/html/myhrm/symfony/apps/orangehrm/templates/_copyright.php on line 4
[21-Jun-2017 01:39:30 UTC] PHP Warning:  date(): It is not safe to rely on the system's timezone settings. You are *required* to use the date.timezone setting or the date_default_timezone_set() function. In case you used any of those methods and you are still getting this warning, you most likely misspelled the timezone identifier. We selected the timezone 'UTC' for now, but please set date.timezone to select your timezone. in /var/www/html/myhrm/symfony/apps/orangehrm/templates/_copyright.php on line 4
[21-Jun-2017 02:02:17 UTC] PHP Warning:  date(): It is not safe to rely on the system's timezone settings. You are *required* to use the date.timezone setting or the date_default_timezone_set() function. In case you used any of those methods and you are still getting this warning, you most likely misspelled the timezone identifier. We selected the timezone 'UTC' for now, but please set date.timezone to select your timezone. in /var/www/html/myhrm/symfony/apps/orangehrm/templates/_copyright.php on line 4
[21-Jun-2017 02:02:18 UTC] PHP Warning:  date(): It is not safe to rely on the system's timezone settings. You are *required* to use the date.timezone setting or the date_default_timezone_set() function. In case you used any of those methods and you are still getting this warning, you most likely misspelled the timezone identifier. We selected the timezone 'UTC' for now, but please set date.timezone to select your timezone. in /var/www/html/myhrm/symfony/apps/orangehrm/templates/_copyright.php on line 4
[21-Jun-2017 02:02:18 UTC] PHP Warning:  date(): It is not safe to rely on the system's timezone settings. You are *required* to use the date.timezone setting or the date_default_timezone_set() function. In case you used any of those methods and you are still getting this warning, you most likely misspelled the timezone identifier. We selected the timezone 'UTC' for now, but please set date.timezone to select your timezone. in /var/www/html/myhrm/symfony/apps/orangehrm/templates/_copyright.php on line 4
[21-Jun-2017 02:02:18 UTC] PHP Warning:  date(): It is not safe to rely on the system's timezone settings. You are *required* to use the date.timezone setting or the date_default_timezone_set() function. In case you used any of those methods and you are still getting this warning, you most likely misspelled the timezone identifier. We selected the timezone 'UTC' for now, but please set date.timezone to select your timezone. in /var/www/html/myhrm/symfony/apps/orangehrm/templates/_copyright.php on line 4
[21-Jun-2017 02:02:19 UTC] PHP Warning:  date(): It is not safe to rely on the system's timezone settings. You are *required* to use the date.timezone setting or the date_default_timezone_set() function. In case you used any of those methods and you are still getting this warning, you most likely misspelled the timezone identifier. We selected the timezone 'UTC' for now, but please set date.timezone to select your timezone. in /var/www/html/myhrm/symfony/apps/orangehrm/templates/_copyright.php on line 4
[21-Jun-2017 07:57:10 UTC] PHP Warning:  date(): It is not safe to rely on the system's timezone settings. You are *required* to use the date.timezone setting or the date_default_timezone_set() function. In case you used any of those methods and you are still getting this warning, you most likely misspelled the timezone identifier. We selected the timezone 'UTC' for now, but please set date.timezone to select your timezone. in /var/www/html/orangehrm/symfony/apps/orangehrm/templates/_copyright.php on line 4
[21-Jun-2017 07:57:12 UTC] PHP Warning:  date(): It is not safe to rely on the system's timezone settings. You are *required* to use the date.timezone setting or the date_default_timezone_set() function. In case you used any of those methods and you are still getting this warning, you most likely misspelled the timezone identifier. We selected the timezone 'UTC' for now, but please set date.timezone to select your timezone. in /var/www/html/orangehrm/symfony/apps/orangehrm/templates/_copyright.php on line 4
[21-Jun-2017 07:57:13 UTC] PHP Warning:  date(): It is not safe to rely on the system's timezone settings. You are *required* to use the date.timezone setting or the date_default_timezone_set() function. In case you used any of those methods and you are still getting this warning, you most likely misspelled the timezone identifier. We selected the timezone 'UTC' for now, but please set date.timezone to select your timezone. in /var/www/html/orangehrm/symfony/apps/orangehrm/templates/_copyright.php on line 4
[21-Jun-2017 07:57:16 UTC] PHP Warning:  date(): It is not safe to rely on the system's timezone settings. You are *required* to use the date.timezone setting or the date_default_timezone_set() function. In case you used any of those methods and you are still getting this warning, you most likely misspelled the timezone identifier. We selected the timezone 'UTC' for now, but please set date.timezone to select your timezone. in /var/www/html/orangehrm/symfony/apps/orangehrm/templates/_copyright.php on line 4
[21-Jun-2017 08:00:23 UTC] PHP Warning:  date(): It is not safe to rely on the system's timezone settings. You are *required* to use the date.timezone setting or the date_default_timezone_set() function. In case you used any of those methods and you are still getting this warning, you most likely misspelled the timezone identifier. We selected the timezone 'UTC' for now, but please set date.timezone to select your timezone. in /var/www/html/orangehrm/symfony/apps/orangehrm/templates/_copyright.php on line 4
[21-Jun-2017 08:00:24 UTC] PHP Warning:  date(): It is not safe to rely on the system's timezone settings. You are *required* to use the date.timezone setting or the date_default_timezone_set() function. In case you used any of those methods and you are still getting this warning, you most likely misspelled the timezone identifier. We selected the timezone 'UTC' for now, but please set date.timezone to select your timezone. in /var/www/html/orangehrm/symfony/apps/orangehrm/templates/_copyright.php on line 4
[21-Jun-2017 08:02:44 UTC] PHP Warning:  date(): It is not safe to rely on the system's timezone settings. You are *required* to use the date.timezone setting or the date_default_timezone_set() function. In case you used any of those methods and you are still getting this warning, you most likely misspelled the timezone identifier. We selected the timezone 'UTC' for now, but please set date.timezone to select your timezone. in /var/www/html/orangehrm/symfony/apps/orangehrm/templates/_copyright.php on line 4
[21-Jun-2017 08:02:47 UTC] PHP Warning:  date(): It is not safe to rely on the system's timezone settings. You are *required* to use the date.timezone setting or the date_default_timezone_set() function. In case you used any of those methods and you are still getting this warning, you most likely misspelled the timezone identifier. We selected the timezone 'UTC' for now, but please set date.timezone to select your timezone. in /var/www/html/orangehrm/symfony/apps/orangehrm/templates/_copyright.php on line 4
[21-Jun-2017 08:02:48 UTC] PHP Warning:  date(): It is not safe to rely on the system's timezone settings. You are *required* to use the date.timezone setting or the date_default_timezone_set() function. In case you used any of those methods and you are still getting this warning, you most likely misspelled the timezone identifier. We selected the timezone 'UTC' for now, but please set date.timezone to select your timezone. in /var/www/html/orangehrm/symfony/apps/orangehrm/templates/_copyright.php on line 4
[21-Jun-2017 08:02:49 UTC] PHP Warning:  date(): It is not safe to rely on the system's timezone settings. You are *required* to use the date.timezone setting or the date_default_timezone_set() function. In case you used any of those methods and you are still getting this warning, you most likely misspelled the timezone identifier. We selected the timezone 'UTC' for now, but please set date.timezone to select your timezone. in /var/www/html/orangehrm/symfony/apps/orangehrm/templates/_copyright.php on line 4
[21-Jun-2017 08:02:50 UTC] PHP Warning:  date(): It is not safe to rely on the system's timezone settings. You are *required* to use the date.timezone setting or the date_default_timezone_set() function. In case you used any of those methods and you are still getting this warning, you most likely misspelled the timezone identifier. We selected the timezone 'UTC' for now, but please set date.timezone to select your timezone. in /var/www/html/orangehrm/symfony/apps/orangehrm/templates/_copyright.php on line 4
[21-Jun-2017 08:02:50 UTC] PHP Warning:  date(): It is not safe to rely on the system's timezone settings. You are *required* to use the date.timezone setting or the date_default_timezone_set() function. In case you used any of those methods and you are still getting this warning, you most likely misspelled the timezone identifier. We selected the timezone 'UTC' for now, but please set date.timezone to select your timezone. in /var/www/html/orangehrm/symfony/apps/orangehrm/templates/_copyright.php on line 4
[21-Jun-2017 08:02:51 UTC] PHP Warning:  date(): It is not safe to rely on the system's timezone settings. You are *required* to use the date.timezone setting or the date_default_timezone_set() function. In case you used any of those methods and you are still getting this warning, you most likely misspelled the timezone identifier. We selected the timezone 'UTC' for now, but please set date.timezone to select your timezone. in /var/www/html/orangehrm/symfony/apps/orangehrm/templates/_copyright.php on line 4
[21-Jun-2017 08:04:35 UTC] PHP Warning:  date(): It is not safe to rely on the system's timezone settings. You are *required* to use the date.timezone setting or the date_default_timezone_set() function. In case you used any of those methods and you are still getting this warning, you most likely misspelled the timezone identifier. We selected the timezone 'UTC' for now, but please set date.timezone to select your timezone. in /var/www/html/orangehrm/symfony/apps/orangehrm/templates/_copyright.php on line 4
[21-Jun-2017 08:04:37 UTC] PHP Warning:  date(): It is not safe to rely on the system's timezone settings. You are *required* to use the date.timezone setting or the date_default_timezone_set() function. In case you used any of those methods and you are still getting this warning, you most likely misspelled the timezone identifier. We selected the timezone 'UTC' for now, but please set date.timezone to select your timezone. in /var/www/html/orangehrm/symfony/apps/orangehrm/templates/_copyright.php on line 4
[21-Jun-2017 08:04:38 UTC] PHP Warning:  date(): It is not safe to rely on the system's timezone settings. You are *required* to use the date.timezone setting or the date_default_timezone_set() function. In case you used any of those methods and you are still getting this warning, you most likely misspelled the timezone identifier. We selected the timezone 'UTC' for now, but please set date.timezone to select your timezone. in /var/www/html/orangehrm/symfony/apps/orangehrm/templates/_copyright.php on line 4
[21-Jun-2017 08:04:42 UTC] PHP Warning:  date(): It is not safe to rely on the system's timezone settings. You are *required* to use the date.timezone setting or the date_default_timezone_set() function. In case you used any of those methods and you are still getting this warning, you most likely misspelled the timezone identifier. We selected the timezone 'UTC' for now, but please set date.timezone to select your timezone. in /var/www/html/orangehrm/symfony/apps/orangehrm/templates/_copyright.php on line 4
[21-Jun-2017 08:13:57 UTC] PHP Warning:  date(): It is not safe to rely on the system's timezone settings. You are *required* to use the date.timezone setting or the date_default_timezone_set() function. In case you used any of those methods and you are still getting this warning, you most likely misspelled the timezone identifier. We selected the timezone 'UTC' for now, but please set date.timezone to select your timezone. in /var/www/html/orangehrm/symfony/apps/orangehrm/templates/_copyright.php on line 4
[21-Jun-2017 08:20:23 UTC] PHP Warning:  date(): It is not safe to rely on the system's timezone settings. You are *required* to use the date.timezone setting or the date_default_timezone_set() function. In case you used any of those methods and you are still getting this warning, you most likely misspelled the timezone identifier. We selected the timezone 'UTC' for now, but please set date.timezone to select your timezone. in /var/www/html/orangehrm/symfony/apps/orangehrm/templates/_copyright.php on line 4
[21-Jun-2017 08:20:28 UTC] PHP Warning:  date(): It is not safe to rely on the system's timezone settings. You are *required* to use the date.timezone setting or the date_default_timezone_set() function. In case you used any of those methods and you are still getting this warning, you most likely misspelled the timezone identifier. We selected the timezone 'UTC' for now, but please set date.timezone to select your timezone. in /var/www/html/orangehrm/symfony/apps/orangehrm/templates/_copyright.php on line 4
[21-Jun-2017 08:20:29 UTC] PHP Warning:  date(): It is not safe to rely on the system's timezone settings. You are *required* to use the date.timezone setting or the date_default_timezone_set() function. In case you used any of those methods and you are still getting this warning, you most likely misspelled the timezone identifier. We selected the timezone 'UTC' for now, but please set date.timezone to select your timezone. in /var/www/html/orangehrm/symfony/apps/orangehrm/templates/_copyright.php on line 4
[21-Jun-2017 08:20:31 UTC] PHP Warning:  date(): It is not safe to rely on the system's timezone settings. You are *required* to use the date.timezone setting or the date_default_timezone_set() function. In case you used any of those methods and you are still getting this warning, you most likely misspelled the timezone identifier. We selected the timezone 'UTC' for now, but please set date.timezone to select your timezone. in /var/www/html/orangehrm/symfony/apps/orangehrm/templates/_copyright.php on line 4
[21-Jun-2017 08:20:40 UTC] PHP Warning:  date(): It is not safe to rely on the system's timezone settings. You are *required* to use the date.timezone setting or the date_default_timezone_set() function. In case you used any of those methods and you are still getting this warning, you most likely misspelled the timezone identifier. We selected the timezone 'UTC' for now, but please set date.timezone to select your timezone. in /var/www/html/orangehrm/symfony/apps/orangehrm/templates/_copyright.php on line 4
[21-Jun-2017 08:20:43 UTC] PHP Warning:  date(): It is not safe to rely on the system's timezone settings. You are *required* to use the date.timezone setting or the date_default_timezone_set() function. In case you used any of those methods and you are still getting this warning, you most likely misspelled the timezone identifier. We selected the timezone 'UTC' for now, but please set date.timezone to select your timezone. in /var/www/html/orangehrm/symfony/apps/orangehrm/templates/_copyright.php on line 4
[21-Jun-2017 08:20:44 UTC] PHP Warning:  date(): It is not safe to rely on the system's timezone settings. You are *required* to use the date.timezone setting or the date_default_timezone_set() function. In case you used any of those methods and you are still getting this warning, you most likely misspelled the timezone identifier. We selected the timezone 'UTC' for now, but please set date.timezone to select your timezone. in /var/www/html/orangehrm/symfony/apps/orangehrm/templates/_copyright.php on line 4
[21-Jun-2017 08:20:45 UTC] PHP Warning:  date(): It is not safe to rely on the system's timezone settings. You are *required* to use the date.timezone setting or the date_default_timezone_set() function. In case you used any of those methods and you are still getting this warning, you most likely misspelled the timezone identifier. We selected the timezone 'UTC' for now, but please set date.timezone to select your timezone. in /var/www/html/orangehrm/symfony/apps/orangehrm/templates/_copyright.php on line 4
[21-Jun-2017 08:20:46 UTC] PHP Warning:  date(): It is not safe to rely on the system's timezone settings. You are *required* to use the date.timezone setting or the date_default_timezone_set() function. In case you used any of those methods and you are still getting this warning, you most likely misspelled the timezone identifier. We selected the timezone 'UTC' for now, but please set date.timezone to select your timezone. in /var/www/html/orangehrm/symfony/apps/orangehrm/templates/_copyright.php on line 4
[21-Jun-2017 08:20:48 UTC] PHP Warning:  date(): It is not safe to rely on the system's timezone settings. You are *required* to use the date.timezone setting or the date_default_timezone_set() function. In case you used any of those methods and you are still getting this warning, you most likely misspelled the timezone identifier. We selected the timezone 'UTC' for now, but please set date.timezone to select your timezone. in /var/www/html/orangehrm/symfony/apps/orangehrm/templates/_copyright.php on line 4
[21-Jun-2017 08:39:39 UTC] PHP Warning:  date(): It is not safe to rely on the system's timezone settings. You are *required* to use the date.timezone setting or the date_default_timezone_set() function. In case you used any of those methods and you are still getting this warning, you most likely misspelled the timezone identifier. We selected the timezone 'UTC' for now, but please set date.timezone to select your timezone. in /var/www/html/hrm/symfony/apps/orangehrm/templates/_copyright.php on line 4
[21-Jun-2017 08:39:41 UTC] PHP Warning:  date(): It is not safe to rely on the system's timezone settings. You are *required* to use the date.timezone setting or the date_default_timezone_set() function. In case you used any of those methods and you are still getting this warning, you most likely misspelled the timezone identifier. We selected the timezone 'UTC' for now, but please set date.timezone to select your timezone. in /var/www/html/hrm/symfony/apps/orangehrm/templates/_copyright.php on line 4
[21-Jun-2017 08:39:42 UTC] PHP Warning:  date(): It is not safe to rely on the system's timezone settings. You are *required* to use the date.timezone setting or the date_default_timezone_set() function. In case you used any of those methods and you are still getting this warning, you most likely misspelled the timezone identifier. We selected the timezone 'UTC' for now, but please set date.timezone to select your timezone. in /var/www/html/hrm/symfony/apps/orangehrm/templates/_copyright.php on line 4
[21-Jun-2017 08:39:44 UTC] PHP Warning:  date(): It is not safe to rely on the system's timezone settings. You are *required* to use the date.timezone setting or the date_default_timezone_set() function. In case you used any of those methods and you are still getting this warning, you most likely misspelled the timezone identifier. We selected the timezone 'UTC' for now, but please set date.timezone to select your timezone. in /var/www/html/hrm/symfony/apps/orangehrm/templates/_copyright.php on line 4
[22-Jun-2017 07:22:38 UTC] PHP Warning:  date(): It is not safe to rely on the system's timezone settings. You are *required* to use the date.timezone setting or the date_default_timezone_set() function. In case you used any of those methods and you are still getting this warning, you most likely misspelled the timezone identifier. We selected the timezone 'UTC' for now, but please set date.timezone to select your timezone. in /var/www/html/orangehrm/symfony/apps/orangehrm/templates/_copyright.php on line 4
[22-Jun-2017 07:22:40 UTC] PHP Warning:  date(): It is not safe to rely on the system's timezone settings. You are *required* to use the date.timezone setting or the date_default_timezone_set() function. In case you used any of those methods and you are still getting this warning, you most likely misspelled the timezone identifier. We selected the timezone 'UTC' for now, but please set date.timezone to select your timezone. in /var/www/html/orangehrm/symfony/apps/orangehrm/templates/_copyright.php on line 4
[22-Jun-2017 07:22:41 UTC] PHP Warning:  date(): It is not safe to rely on the system's timezone settings. You are *required* to use the date.timezone setting or the date_default_timezone_set() function. In case you used any of those methods and you are still getting this warning, you most likely misspelled the timezone identifier. We selected the timezone 'UTC' for now, but please set date.timezone to select your timezone. in /var/www/html/orangehrm/symfony/apps/orangehrm/templates/_copyright.php on line 4
[22-Jun-2017 07:22:55 UTC] PHP Warning:  date(): It is not safe to rely on the system's timezone settings. You are *required* to use the date.timezone setting or the date_default_timezone_set() function. In case you used any of those methods and you are still getting this warning, you most likely misspelled the timezone identifier. We selected the timezone 'UTC' for now, but please set date.timezone to select your timezone. in /var/www/html/orangehrm/symfony/apps/orangehrm/templates/_copyright.php on line 4
[22-Jun-2017 07:23:00 UTC] PHP Warning:  date(): It is not safe to rely on the system's timezone settings. You are *required* to use the date.timezone setting or the date_default_timezone_set() function. In case you used any of those methods and you are still getting this warning, you most likely misspelled the timezone identifier. We selected the timezone 'UTC' for now, but please set date.timezone to select your timezone. in /var/www/html/orangehrm/symfony/apps/orangehrm/templates/_copyright.php on line 4
[22-Jun-2017 07:23:12 UTC] PHP Warning:  date(): It is not safe to rely on the system's timezone settings. You are *required* to use the date.timezone setting or the date_default_timezone_set() function. In case you used any of those methods and you are still getting this warning, you most likely misspelled the timezone identifier. We selected the timezone 'UTC' for now, but please set date.timezone to select your timezone. in /var/www/html/orangehrm/symfony/apps/orangehrm/templates/_copyright.php on line 4
[22-Jun-2017 07:24:55 UTC] PHP Warning:  date(): It is not safe to rely on the system's timezone settings. You are *required* to use the date.timezone setting or the date_default_timezone_set() function. In case you used any of those methods and you are still getting this warning, you most likely misspelled the timezone identifier. We selected the timezone 'UTC' for now, but please set date.timezone to select your timezone. in /var/www/html/orangehrm/symfony/apps/orangehrm/templates/_copyright.php on line 4
[22-Jun-2017 07:30:08 UTC] PHP Warning:  date(): It is not safe to rely on the system's timezone settings. You are *required* to use the date.timezone setting or the date_default_timezone_set() function. In case you used any of those methods and you are still getting this warning, you most likely misspelled the timezone identifier. We selected the timezone 'UTC' for now, but please set date.timezone to select your timezone. in /var/www/html/orangehrm/symfony/apps/orangehrm/templates/_copyright.php on line 4
[22-Jun-2017 07:30:09 UTC] PHP Warning:  date(): It is not safe to rely on the system's timezone settings. You are *required* to use the date.timezone setting or the date_default_timezone_set() function. In case you used any of those methods and you are still getting this warning, you most likely misspelled the timezone identifier. We selected the timezone 'UTC' for now, but please set date.timezone to select your timezone. in /var/www/html/orangehrm/symfony/apps/orangehrm/templates/_copyright.php on line 4
[22-Jun-2017 07:30:15 UTC] PHP Warning:  date(): It is not safe to rely on the system's timezone settings. You are *required* to use the date.timezone setting or the date_default_timezone_set() function. In case you used any of those methods and you are still getting this warning, you most likely misspelled the timezone identifier. We selected the timezone 'UTC' for now, but please set date.timezone to select your timezone. in /var/www/html/orangehrm/symfony/apps/orangehrm/templates/_copyright.php on line 4
[22-Jun-2017 07:30:25 UTC] PHP Warning:  date(): It is not safe to rely on the system's timezone settings. You are *required* to use the date.timezone setting or the date_default_timezone_set() function. In case you used any of those methods and you are still getting this warning, you most likely misspelled the timezone identifier. We selected the timezone 'UTC' for now, but please set date.timezone to select your timezone. in /var/www/html/orangehrm/symfony/apps/orangehrm/templates/_copyright.php on line 4
[22-Jun-2017 07:48:24 UTC] PHP Warning:  date(): It is not safe to rely on the system's timezone settings. You are *required* to use the date.timezone setting or the date_default_timezone_set() function. In case you used any of those methods and you are still getting this warning, you most likely misspelled the timezone identifier. We selected the timezone 'UTC' for now, but please set date.timezone to select your timezone. in /var/www/html/orangehrm/symfony/apps/orangehrm/templates/_copyright.php on line 4
[22-Jun-2017 07:48:26 UTC] PHP Warning:  date(): It is not safe to rely on the system's timezone settings. You are *required* to use the date.timezone setting or the date_default_timezone_set() function. In case you used any of those methods and you are still getting this warning, you most likely misspelled the timezone identifier. We selected the timezone 'UTC' for now, but please set date.timezone to select your timezone. in /var/www/html/orangehrm/symfony/apps/orangehrm/templates/_copyright.php on line 4
[22-Jun-2017 07:48:27 UTC] PHP Warning:  date(): It is not safe to rely on the system's timezone settings. You are *required* to use the date.timezone setting or the date_default_timezone_set() function. In case you used any of those methods and you are still getting this warning, you most likely misspelled the timezone identifier. We selected the timezone 'UTC' for now, but please set date.timezone to select your timezone. in /var/www/html/orangehrm/symfony/apps/orangehrm/templates/_copyright.php on line 4
[22-Jun-2017 07:50:40 UTC] PHP Warning:  date(): It is not safe to rely on the system's timezone settings. You are *required* to use the date.timezone setting or the date_default_timezone_set() function. In case you used any of those methods and you are still getting this warning, you most likely misspelled the timezone identifier. We selected the timezone 'UTC' for now, but please set date.timezone to select your timezone. in /var/www/html/orangehrm/symfony/apps/orangehrm/templates/_copyright.php on line 4
[22-Jun-2017 08:07:47 UTC] PHP Warning:  date(): It is not safe to rely on the system's timezone settings. You are *required* to use the date.timezone setting or the date_default_timezone_set() function. In case you used any of those methods and you are still getting this warning, you most likely misspelled the timezone identifier. We selected the timezone 'UTC' for now, but please set date.timezone to select your timezone. in /var/www/html/orangehrm/symfony/apps/orangehrm/templates/_copyright.php on line 4
[22-Jun-2017 08:07:49 UTC] PHP Warning:  date(): It is not safe to rely on the system's timezone settings. You are *required* to use the date.timezone setting or the date_default_timezone_set() function. In case you used any of those methods and you are still getting this warning, you most likely misspelled the timezone identifier. We selected the timezone 'UTC' for now, but please set date.timezone to select your timezone. in /var/www/html/orangehrm/symfony/apps/orangehrm/templates/_copyright.php on line 4
[22-Jun-2017 08:07:50 UTC] PHP Warning:  date(): It is not safe to rely on the system's timezone settings. You are *required* to use the date.timezone setting or the date_default_timezone_set() function. In case you used any of those methods and you are still getting this warning, you most likely misspelled the timezone identifier. We selected the timezone 'UTC' for now, but please set date.timezone to select your timezone. in /var/www/html/orangehrm/symfony/apps/orangehrm/templates/_copyright.php on line 4
[22-Jun-2017 08:07:56 UTC] PHP Warning:  date(): It is not safe to rely on the system's timezone settings. You are *required* to use the date.timezone setting or the date_default_timezone_set() function. In case you used any of those methods and you are still getting this warning, you most likely misspelled the timezone identifier. We selected the timezone 'UTC' for now, but please set date.timezone to select your timezone. in /var/www/html/orangehrm/symfony/apps/orangehrm/templates/_copyright.php on line 4
[22-Jun-2017 08:08:01 UTC] PHP Warning:  date(): It is not safe to rely on the system's timezone settings. You are *required* to use the date.timezone setting or the date_default_timezone_set() function. In case you used any of those methods and you are still getting this warning, you most likely misspelled the timezone identifier. We selected the timezone 'UTC' for now, but please set date.timezone to select your timezone. in /var/www/html/orangehrm/symfony/apps/orangehrm/templates/_copyright.php on line 4
[22-Jun-2017 08:08:03 UTC] PHP Warning:  date(): It is not safe to rely on the system's timezone settings. You are *required* to use the date.timezone setting or the date_default_timezone_set() function. In case you used any of those methods and you are still getting this warning, you most likely misspelled the timezone identifier. We selected the timezone 'UTC' for now, but please set date.timezone to select your timezone. in /var/www/html/orangehrm/symfony/apps/orangehrm/templates/_copyright.php on line 4
[22-Jun-2017 08:08:04 UTC] PHP Warning:  date(): It is not safe to rely on the system's timezone settings. You are *required* to use the date.timezone setting or the date_default_timezone_set() function. In case you used any of those methods and you are still getting this warning, you most likely misspelled the timezone identifier. We selected the timezone 'UTC' for now, but please set date.timezone to select your timezone. in /var/www/html/orangehrm/symfony/apps/orangehrm/templates/_copyright.php on line 4
[22-Jun-2017 08:17:03 UTC] PHP Warning:  date(): It is not safe to rely on the system's timezone settings. You are *required* to use the date.timezone setting or the date_default_timezone_set() function. In case you used any of those methods and you are still getting this warning, you most likely misspelled the timezone identifier. We selected the timezone 'UTC' for now, but please set date.timezone to select your timezone. in /var/www/html/orangehrm/symfony/apps/orangehrm/templates/_copyright.php on line 4
[22-Jun-2017 08:17:05 UTC] PHP Warning:  date(): It is not safe to rely on the system's timezone settings. You are *required* to use the date.timezone setting or the date_default_timezone_set() function. In case you used any of those methods and you are still getting this warning, you most likely misspelled the timezone identifier. We selected the timezone 'UTC' for now, but please set date.timezone to select your timezone. in /var/www/html/orangehrm/symfony/apps/orangehrm/templates/_copyright.php on line 4
[22-Jun-2017 08:17:06 UTC] PHP Warning:  date(): It is not safe to rely on the system's timezone settings. You are *required* to use the date.timezone setting or the date_default_timezone_set() function. In case you used any of those methods and you are still getting this warning, you most likely misspelled the timezone identifier. We selected the timezone 'UTC' for now, but please set date.timezone to select your timezone. in /var/www/html/orangehrm/symfony/apps/orangehrm/templates/_copyright.php on line 4
[22-Jun-2017 08:17:12 UTC] PHP Warning:  date(): It is not safe to rely on the system's timezone settings. You are *required* to use the date.timezone setting or the date_default_timezone_set() function. In case you used any of those methods and you are still getting this warning, you most likely misspelled the timezone identifier. We selected the timezone 'UTC' for now, but please set date.timezone to select your timezone. in /var/www/html/orangehrm/symfony/apps/orangehrm/templates/_copyright.php on line 4
[22-Jun-2017 08:17:37 UTC] PHP Warning:  date(): It is not safe to rely on the system's timezone settings. You are *required* to use the date.timezone setting or the date_default_timezone_set() function. In case you used any of those methods and you are still getting this warning, you most likely misspelled the timezone identifier. We selected the timezone 'UTC' for now, but please set date.timezone to select your timezone. in /var/www/html/orangehrm/symfony/apps/orangehrm/templates/_copyright.php on line 4
[22-Jun-2017 08:20:32 UTC] PHP Warning:  date(): It is not safe to rely on the system's timezone settings. You are *required* to use the date.timezone setting or the date_default_timezone_set() function. In case you used any of those methods and you are still getting this warning, you most likely misspelled the timezone identifier. We selected the timezone 'UTC' for now, but please set date.timezone to select your timezone. in /var/www/html/orangehrm/symfony/apps/orangehrm/templates/_copyright.php on line 4
[22-Jun-2017 08:23:09 UTC] PHP Warning:  date(): It is not safe to rely on the system's timezone settings. You are *required* to use the date.timezone setting or the date_default_timezone_set() function. In case you used any of those methods and you are still getting this warning, you most likely misspelled the timezone identifier. We selected the timezone 'UTC' for now, but please set date.timezone to select your timezone. in /var/www/html/orangehrm/symfony/apps/orangehrm/templates/_copyright.php on line 4
[22-Jun-2017 08:23:10 UTC] PHP Warning:  date(): It is not safe to rely on the system's timezone settings. You are *required* to use the date.timezone setting or the date_default_timezone_set() function. In case you used any of those methods and you are still getting this warning, you most likely misspelled the timezone identifier. We selected the timezone 'UTC' for now, but please set date.timezone to select your timezone. in /var/www/html/orangehrm/symfony/apps/orangehrm/templates/_copyright.php on line 4
[22-Jun-2017 08:32:41 UTC] PHP Warning:  date(): It is not safe to rely on the system's timezone settings. You are *required* to use the date.timezone setting or the date_default_timezone_set() function. In case you used any of those methods and you are still getting this warning, you most likely misspelled the timezone identifier. We selected the timezone 'UTC' for now, but please set date.timezone to select your timezone. in /var/www/html/orangehrm/symfony/apps/orangehrm/templates/_copyright.php on line 4
[22-Jun-2017 08:32:42 UTC] PHP Warning:  date(): It is not safe to rely on the system's timezone settings. You are *required* to use the date.timezone setting or the date_default_timezone_set() function. In case you used any of those methods and you are still getting this warning, you most likely misspelled the timezone identifier. We selected the timezone 'UTC' for now, but please set date.timezone to select your timezone. in /var/www/html/orangehrm/symfony/apps/orangehrm/templates/_copyright.php on line 4
[22-Jun-2017 08:32:43 UTC] PHP Warning:  date(): It is not safe to rely on the system's timezone settings. You are *required* to use the date.timezone setting or the date_default_timezone_set() function. In case you used any of those methods and you are still getting this warning, you most likely misspelled the timezone identifier. We selected the timezone 'UTC' for now, but please set date.timezone to select your timezone. in /var/www/html/orangehrm/symfony/apps/orangehrm/templates/_copyright.php on line 4
[22-Jun-2017 08:32:43 UTC] PHP Warning:  date(): It is not safe to rely on the system's timezone settings. You are *required* to use the date.timezone setting or the date_default_timezone_set() function. In case you used any of those methods and you are still getting this warning, you most likely misspelled the timezone identifier. We selected the timezone 'UTC' for now, but please set date.timezone to select your timezone. in /var/www/html/orangehrm/symfony/apps/orangehrm/templates/_copyright.php on line 4
[22-Jun-2017 08:32:44 UTC] PHP Warning:  date(): It is not safe to rely on the system's timezone settings. You are *required* to use the date.timezone setting or the date_default_timezone_set() function. In case you used any of those methods and you are still getting this warning, you most likely misspelled the timezone identifier. We selected the timezone 'UTC' for now, but please set date.timezone to select your timezone. in /var/www/html/orangehrm/symfony/apps/orangehrm/templates/_copyright.php on line 4
[22-Jun-2017 08:32:44 UTC] PHP Warning:  date(): It is not safe to rely on the system's timezone settings. You are *required* to use the date.timezone setting or the date_default_timezone_set() function. In case you used any of those methods and you are still getting this warning, you most likely misspelled the timezone identifier. We selected the timezone 'UTC' for now, but please set date.timezone to select your timezone. in /var/www/html/orangehrm/symfony/apps/orangehrm/templates/_copyright.php on line 4
[22-Jun-2017 08:35:28 UTC] PHP Warning:  date(): It is not safe to rely on the system's timezone settings. You are *required* to use the date.timezone setting or the date_default_timezone_set() function. In case you used any of those methods and you are still getting this warning, you most likely misspelled the timezone identifier. We selected the timezone 'UTC' for now, but please set date.timezone to select your timezone. in /var/www/html/orangehrm/symfony/apps/orangehrm/templates/_copyright.php on line 4
[22-Jun-2017 08:35:28 UTC] PHP Warning:  date(): It is not safe to rely on the system's timezone settings. You are *required* to use the date.timezone setting or the date_default_timezone_set() function. In case you used any of those methods and you are still getting this warning, you most likely misspelled the timezone identifier. We selected the timezone 'UTC' for now, but please set date.timezone to select your timezone. in /var/www/html/orangehrm/symfony/apps/orangehrm/templates/_copyright.php on line 4
[22-Jun-2017 08:35:28 UTC] PHP Warning:  date(): It is not safe to rely on the system's timezone settings. You are *required* to use the date.timezone setting or the date_default_timezone_set() function. In case you used any of those methods and you are still getting this warning, you most likely misspelled the timezone identifier. We selected the timezone 'UTC' for now, but please set date.timezone to select your timezone. in /var/www/html/orangehrm/symfony/apps/orangehrm/templates/_copyright.php on line 4
[22-Jun-2017 08:35:28 UTC] PHP Warning:  date(): It is not safe to rely on the system's timezone settings. You are *required* to use the date.timezone setting or the date_default_timezone_set() function. In case you used any of those methods and you are still getting this warning, you most likely misspelled the timezone identifier. We selected the timezone 'UTC' for now, but please set date.timezone to select your timezone. in /var/www/html/orangehrm/symfony/apps/orangehrm/templates/_copyright.php on line 4
[22-Jun-2017 08:35:29 UTC] PHP Warning:  date(): It is not safe to rely on the system's timezone settings. You are *required* to use the date.timezone setting or the date_default_timezone_set() function. In case you used any of those methods and you are still getting this warning, you most likely misspelled the timezone identifier. We selected the timezone 'UTC' for now, but please set date.timezone to select your timezone. in /var/www/html/orangehrm/symfony/apps/orangehrm/templates/_copyright.php on line 4
[22-Jun-2017 08:35:29 UTC] PHP Warning:  date(): It is not safe to rely on the system's timezone settings. You are *required* to use the date.timezone setting or the date_default_timezone_set() function. In case you used any of those methods and you are still getting this warning, you most likely misspelled the timezone identifier. We selected the timezone 'UTC' for now, but please set date.timezone to select your timezone. in /var/www/html/orangehrm/symfony/apps/orangehrm/templates/_copyright.php on line 4
[22-Jun-2017 08:40:48 UTC] PHP Warning:  date(): It is not safe to rely on the system's timezone settings. You are *required* to use the date.timezone setting or the date_default_timezone_set() function. In case you used any of those methods and you are still getting this warning, you most likely misspelled the timezone identifier. We selected the timezone 'UTC' for now, but please set date.timezone to select your timezone. in /var/www/html/orangehrm/symfony/apps/orangehrm/templates/_copyright.php on line 4
[22-Jun-2017 08:40:50 UTC] PHP Warning:  date(): It is not safe to rely on the system's timezone settings. You are *required* to use the date.timezone setting or the date_default_timezone_set() function. In case you used any of those methods and you are still getting this warning, you most likely misspelled the timezone identifier. We selected the timezone 'UTC' for now, but please set date.timezone to select your timezone. in /var/www/html/orangehrm/symfony/apps/orangehrm/templates/_copyright.php on line 4
[22-Jun-2017 08:40:51 UTC] PHP Warning:  date(): It is not safe to rely on the system's timezone settings. You are *required* to use the date.timezone setting or the date_default_timezone_set() function. In case you used any of those methods and you are still getting this warning, you most likely misspelled the timezone identifier. We selected the timezone 'UTC' for now, but please set date.timezone to select your timezone. in /var/www/html/orangehrm/symfony/apps/orangehrm/templates/_copyright.php on line 4
[22-Jun-2017 08:40:57 UTC] PHP Warning:  date(): It is not safe to rely on the system's timezone settings. You are *required* to use the date.timezone setting or the date_default_timezone_set() function. In case you used any of those methods and you are still getting this warning, you most likely misspelled the timezone identifier. We selected the timezone 'UTC' for now, but please set date.timezone to select your timezone. in /var/www/html/orangehrm/symfony/apps/orangehrm/templates/_copyright.php on line 4
[22-Jun-2017 08:48:38 UTC] PHP Warning:  date(): It is not safe to rely on the system's timezone settings. You are *required* to use the date.timezone setting or the date_default_timezone_set() function. In case you used any of those methods and you are still getting this warning, you most likely misspelled the timezone identifier. We selected the timezone 'UTC' for now, but please set date.timezone to select your timezone. in /var/www/html/orangehrm/symfony/apps/orangehrm/templates/_copyright.php on line 4
[22-Jun-2017 08:48:39 UTC] PHP Warning:  date(): It is not safe to rely on the system's timezone settings. You are *required* to use the date.timezone setting or the date_default_timezone_set() function. In case you used any of those methods and you are still getting this warning, you most likely misspelled the timezone identifier. We selected the timezone 'UTC' for now, but please set date.timezone to select your timezone. in /var/www/html/orangehrm/symfony/apps/orangehrm/templates/_copyright.php on line 4
[22-Jun-2017 08:48:40 UTC] PHP Warning:  date(): It is not safe to rely on the system's timezone settings. You are *required* to use the date.timezone setting or the date_default_timezone_set() function. In case you used any of those methods and you are still getting this warning, you most likely misspelled the timezone identifier. We selected the timezone 'UTC' for now, but please set date.timezone to select your timezone. in /var/www/html/orangehrm/symfony/apps/orangehrm/templates/_copyright.php on line 4
[22-Jun-2017 09:01:42 UTC] PHP Warning:  date(): It is not safe to rely on the system's timezone settings. You are *required* to use the date.timezone setting or the date_default_timezone_set() function. In case you used any of those methods and you are still getting this warning, you most likely misspelled the timezone identifier. We selected the timezone 'UTC' for now, but please set date.timezone to select your timezone. in /var/www/html/orangehrm/symfony/apps/orangehrm/templates/_copyright.php on line 4
[22-Jun-2017 09:01:43 UTC] PHP Warning:  date(): It is not safe to rely on the system's timezone settings. You are *required* to use the date.timezone setting or the date_default_timezone_set() function. In case you used any of those methods and you are still getting this warning, you most likely misspelled the timezone identifier. We selected the timezone 'UTC' for now, but please set date.timezone to select your timezone. in /var/www/html/orangehrm/symfony/apps/orangehrm/templates/_copyright.php on line 4
[22-Jun-2017 09:01:44 UTC] PHP Warning:  date(): It is not safe to rely on the system's timezone settings. You are *required* to use the date.timezone setting or the date_default_timezone_set() function. In case you used any of those methods and you are still getting this warning, you most likely misspelled the timezone identifier. We selected the timezone 'UTC' for now, but please set date.timezone to select your timezone. in /var/www/html/orangehrm/symfony/apps/orangehrm/templates/_copyright.php on line 4
[22-Jun-2017 09:01:52 UTC] PHP Warning:  date(): It is not safe to rely on the system's timezone settings. You are *required* to use the date.timezone setting or the date_default_timezone_set() function. In case you used any of those methods and you are still getting this warning, you most likely misspelled the timezone identifier. We selected the timezone 'UTC' for now, but please set date.timezone to select your timezone. in /var/www/html/orangehrm/symfony/apps/orangehrm/templates/_copyright.php on line 4
[22-Jun-2017 09:01:55 UTC] PHP Warning:  date(): It is not safe to rely on the system's timezone settings. You are *required* to use the date.timezone setting or the date_default_timezone_set() function. In case you used any of those methods and you are still getting this warning, you most likely misspelled the timezone identifier. We selected the timezone 'UTC' for now, but please set date.timezone to select your timezone. in /var/www/html/orangehrm/symfony/apps/orangehrm/templates/_copyright.php on line 4
